D:\Підручники\CIRCLEONPLANE\CIRCLEONPLANE\DEBUG\CIRCLEONPLANE.PCH
D:\Підручники\CIRCLEONPLANE\CIRCLEONPLANE\DEBUG\STDAFX.OBJ
D:\ПІДРУЧНИКИ\CIRCLEONPLANE\CIRCLEONPLANE\DEBUG\VC110.PDB
D:\Підручники\CIRCLEONPLANE\CIRCLEONPLANE\DEBUG\CIRCLEONPLANE.OBJ
D:\Підручники\CIRCLEONPLANE\CIRCLEONPLANE\DEBUG\CIRCLEONPLANEDLG.OBJ
D:\Підручники\CIRCLEONPLANE\CIRCLEONPLANE\DEBUG\CIRCLEONPLANE.ILK
D:\Підручники\CIRCLEONPLANE\CIRCLEONPLANE\DEBUG\CIRCLEONPLANE.EXE
D:\ПІДРУЧНИКИ\CIRCLEONPLANE\CIRCLEONPLANE\DEBUG\CIRCLEONPLANE.PDB
D:\Підручники\CIRCLEONPLANE\CIRCLEONPLANE\DEBUG\CIRCLEONPLANE.RES
D:\Підручники\CircleOnPlane\CircleOnPlane\Debug\CircleOnPlane.obj
D:\Підручники\CircleOnPlane\CircleOnPlane\Debug\CircleOnPlaneDlg.obj
D:\Підручники\CircleOnPlane\CircleOnPlane\Debug\stdafx.obj
D:\Підручники\CircleOnPlane\CircleOnPlane\Debug\CircleOnPlane.ilk
D:\Підручники\CircleOnPlane\CircleOnPlane\Debug\cl.command.1.tlog
D:\Підручники\CircleOnPlane\CircleOnPlane\Debug\CL.read.1.tlog
D:\Підручники\CircleOnPlane\CircleOnPlane\Debug\CL.write.1.tlog
D:\Підручники\CircleOnPlane\CircleOnPlane\Debug\link-cvtres.read.1.tlog
D:\Підручники\CircleOnPlane\CircleOnPlane\Debug\link-cvtres.write.1.tlog
D:\Підручники\CircleOnPlane\CircleOnPlane\Debug\link-mt.read.1.tlog
D:\Підручники\CircleOnPlane\CircleOnPlane\Debug\link-mt.write.1.tlog
D:\Підручники\CircleOnPlane\CircleOnPlane\Debug\link-rc.read.1.tlog
D:\Підручники\CircleOnPlane\CircleOnPlane\Debug\link-rc.write.1.tlog
D:\Підручники\CircleOnPlane\CircleOnPlane\Debug\link.command.1.tlog
D:\Підручники\CircleOnPlane\CircleOnPlane\Debug\link.read.1.tlog
D:\Підручники\CircleOnPlane\CircleOnPlane\Debug\link.write.1.tlog
D:\Підручники\CircleOnPlane\CircleOnPlane\Debug\rc.command.1.tlog
D:\Підручники\CircleOnPlane\CircleOnPlane\Debug\rc.read.1.tlog
D:\Підручники\CircleOnPlane\CircleOnPlane\Debug\rc.write.1.tlog
D:\Підручники\CircleOnPlane\CircleOnPlane\Debug\CircleOnPlane.res
D:\Підручники\CircleOnPlane\CircleOnPlane\Debug\CircleOnPlane.pch
D:\Підручники\CircleOnPlane\CircleOnPlane\Debug\vc110.idb
D:\Підручники\CircleOnPlane\CircleOnPlane\Debug\CircleOnPlane.pdb
D:\Підручники\CircleOnPlane\CircleOnPlane\Debug\vc110.pdb
D:\Підручники\CircleOnPlane\CircleOnPlane\Debug\CircleOnPlane.exe
